2025-02-22 13:49:04,768 - INFO - Starting sign language translation training
2025-02-22 13:49:04,768 - INFO - Starting training with configuration:
2025-02-22 13:49:04,769 - INFO - Epochs: 4
2025-02-22 13:49:04,769 - INFO - Learning rate: 0.0001
2025-02-22 13:49:04,769 - INFO - Checkpoint path: models/best_model_checkpoint.pt
2025-02-22 13:49:04,794 - INFO - 
=== Pre-training Checks ===
2025-02-22 13:49:04,795 - INFO - ✓ CUDA available: OK
2025-02-22 13:49:04,795 - INFO - ✓ CUDA operations: OK
2025-02-22 13:49:04,795 - INFO - ✓ Directory logs: OK
2025-02-22 13:49:04,795 - INFO - ✓ Directory models: OK
2025-02-22 13:49:04,798 - INFO - ✓ Directory data/data/videos: OK
2025-02-22 13:49:04,798 - INFO - ✓ Directory data/data/annotations: OK
2025-02-22 13:49:04,798 - INFO - ✗ Disk space: Only 4.7GB available
2025-02-22 13:49:04,799 - INFO - ✗ Disk space: Couldn't check disk space
2025-02-22 13:49:04,799 - INFO - Pre-training checks completed.

2025-02-22 13:49:04,806 - INFO - Using GPU: NVIDIA GeForce RTX 3090
2025-02-22 13:49:05,338 - INFO - Initializing minimal model configuration...
2025-02-22 13:49:05,339 - INFO - Memory before model: 0.0MB
2025-02-22 13:49:06,050 - INFO - Moving model to device...
2025-02-22 13:49:06,199 - INFO - Model loaded to GPU. Memory: 264.9MB
2025-02-22 13:49:06,203 - INFO - 
Starting training...
2025-02-22 13:49:06,203 - INFO - Batch size: 1
2025-02-22 13:49:06,203 - INFO - Gradient accumulation steps: 32
2025-02-22 13:49:06,203 - INFO - Effective batch size: 32
2025-02-22 13:49:06,204 - INFO - Max frames per video: 8
2025-02-22 13:49:06,204 - INFO - 
GPU memory at epoch start: 264.9MB
2025-02-22 13:49:06,204 - INFO - 
========================================
2025-02-22 13:49:06,204 - INFO - Epoch 1/4
2025-02-22 13:49:06,205 - INFO - ========================================
2025-02-22 16:17:10,499 - INFO - Epoch 1 Complete - Avg Loss: 10.1523
2025-02-22 16:17:10,499 - INFO - Epoch time: 8884.30s
2025-02-22 16:17:10,500 - INFO - New best loss: 10.1523
2025-02-22 16:17:12,047 - INFO - Saved checkpoint to models/checkpoint_epoch_1_20250222_134904.pt
2025-02-22 16:17:13,461 - INFO - Saved best model to models/best_model_checkpoint.pt
2025-02-22 16:17:13,464 - INFO - 
GPU memory at epoch start: 1075.1MB
2025-02-22 16:17:13,465 - INFO - 
========================================
2025-02-22 16:17:13,465 - INFO - Epoch 2/4
2025-02-22 16:17:13,465 - INFO - ========================================
2025-02-22 18:44:11,611 - INFO - Epoch 2 Complete - Avg Loss: 6.1458
2025-02-22 18:44:11,611 - INFO - Epoch time: 8818.15s
2025-02-22 18:44:11,612 - INFO - New best loss: 6.1458
2025-02-22 18:44:13,189 - INFO - Saved checkpoint to models/checkpoint_epoch_2_20250222_134904.pt
2025-02-22 18:44:14,593 - INFO - Saved best model to models/best_model_checkpoint.pt
2025-02-22 18:44:14,596 - INFO - 
GPU memory at epoch start: 1075.1MB
2025-02-22 18:44:14,596 - INFO - 
========================================
2025-02-22 18:44:14,596 - INFO - Epoch 3/4
2025-02-22 18:44:14,596 - INFO - ========================================
2025-02-22 21:10:05,105 - INFO - Epoch 3 Complete - Avg Loss: 3.8849
2025-02-22 21:10:05,106 - INFO - Epoch time: 8750.51s
2025-02-22 21:10:05,106 - INFO - New best loss: 3.8849
2025-02-22 21:10:06,641 - INFO - Saved checkpoint to models/checkpoint_epoch_3_20250222_134904.pt
2025-02-22 21:10:08,046 - INFO - Saved best model to models/best_model_checkpoint.pt
2025-02-22 21:10:08,050 - INFO - 
GPU memory at epoch start: 1075.1MB
2025-02-22 21:10:08,050 - INFO - 
========================================
2025-02-22 21:10:08,050 - INFO - Epoch 4/4
2025-02-22 21:10:08,050 - INFO - ========================================
